nohup: ignoring input
Epoch: 0 Iter: 0 Acc: 0.02 Loss: 70.0512542725
Epoch: 0 Iter: 1 Acc: 0.18 Loss: 68.8447723389
Epoch: 0 Iter: 2 Acc: 0.34 Loss: 67.1043319702
Epoch: 0 Iter: 3 Acc: 0.38 Loss: 66.0515441895
Epoch: 0 Iter: 4 Acc: 0.44 Loss: 64.6817550659
Epoch: 0 Iter: 5 Acc: 0.42 Loss: 63.8305397034
Epoch: 0 Iter: 6 Acc: 0.50 Loss: 62.721572876
Epoch: 0 Iter: 7 Acc: 0.58 Loss: 61.7378082275
Epoch: 0 Iter: 8 Acc: 0.56 Loss: 60.6113166809
Epoch: 0 Iter: 9 Acc: 0.55 Loss: 59.8669967651
Epoch: 0 Iter: 10 Acc: 0.57 Loss: 58.8800239563
Epoch: 0 Iter: 11 Acc: 0.59 Loss: 57.8793144226
Epoch: 0 Iter: 12 Acc: 0.58 Loss: 56.8098602295
Epoch: 0 Iter: 13 Acc: 0.65 Loss: 56.0628890991
Epoch: 0 Iter: 14 Acc: 0.66 Loss: 54.7995643616
Epoch: 0 Iter: 15 Acc: 0.70 Loss: 54.2104263306
Epoch: 0 Iter: 16 Acc: 0.65 Loss: 53.2861289978
Epoch: 0 Iter: 17 Acc: 0.70 Loss: 52.4066162109
Epoch: 0 Iter: 18 Acc: 0.69 Loss: 51.8294525146
Epoch: 0 Iter: 19 Acc: 0.71 Loss: 50.7877693176
Epoch: 0 Iter: 20 Acc: 0.73 Loss: 50.2152519226
Epoch: 0 Iter: 21 Acc: 0.74 Loss: 49.243473053
Epoch: 0 Iter: 22 Acc: 0.66 Loss: 48.4992218018
Epoch: 0 Iter: 23 Acc: 0.67 Loss: 47.6236839294
Epoch: 0 Iter: 24 Acc: 0.72 Loss: 46.7140693665
Epoch: 0 Iter: 25 Acc: 0.68 Loss: 46.2263755798
Epoch: 0 Iter: 26 Acc: 0.80 Loss: 45.4005966187
Epoch: 0 Iter: 27 Acc: 0.70 Loss: 44.9029197693
Epoch: 0 Iter: 28 Acc: 0.77 Loss: 43.7585830688
Epoch: 0 Iter: 29 Acc: 0.79 Loss: 43.0462608337
Epoch: 0 Iter: 30 Acc: 0.73 Loss: 42.6149139404
Epoch: 0 Iter: 31 Acc: 0.80 Loss: 41.8333587646
Epoch: 0 Iter: 32 Acc: 0.69 Loss: 41.058013916
Epoch: 0 Iter: 33 Acc: 0.77 Loss: 40.4437789917
Epoch: 0 Iter: 34 Acc: 0.76 Loss: 39.7280197144
Epoch: 0 Iter: 35 Acc: 0.72 Loss: 39.6757926941
Epoch: 0 Iter: 36 Acc: 0.73 Loss: 38.6683387756
Epoch: 0 Iter: 37 Acc: 0.76 Loss: 38.1866607666
Epoch: 0 Iter: 38 Acc: 0.77 Loss: 37.8588867188
Epoch: 0 Iter: 39 Acc: 0.84 Loss: 36.3860778809
Epoch: 0 Iter: 40 Acc: 0.77 Loss: 37.0737609863
Epoch: 0 Iter: 41 Acc: 0.77 Loss: 35.8595733643
Epoch: 0 Iter: 42 Acc: 0.77 Loss: 35.0791816711
Epoch: 0 Iter: 43 Acc: 0.80 Loss: 34.0422782898
Epoch: 0 Iter: 44 Acc: 0.82 Loss: 33.8155059814
Epoch: 0 Iter: 45 Acc: 0.73 Loss: 33.4211730957
Epoch: 0 Iter: 46 Acc: 0.76 Loss: 32.9577522278
Epoch: 0 Iter: 47 Acc: 0.73 Loss: 32.6860923767
Epoch: 0 Iter: 48 Acc: 0.79 Loss: 32.2813491821
Epoch: 0 Iter: 49 Acc: 0.79 Loss: 31.1828079224
Epoch: 0 Iter: 50 Acc: 0.78 Loss: 30.9650173187
Epoch: 0 Iter: 51 Acc: 0.80 Loss: 30.7537250519
Epoch: 0 Iter: 52 Acc: 0.76 Loss: 29.8601379395
Epoch: 0 Iter: 53 Acc: 0.80 Loss: 29.4464569092
Epoch: 0 Iter: 54 Acc: 0.84 Loss: 29.2387142181
Epoch: 0 Iter: 55 Acc: 0.76 Loss: 29.0827121735
Epoch: 0 Iter: 56 Acc: 0.84 Loss: 27.962978363
Epoch: 0 Iter: 57 Acc: 0.80 Loss: 27.8557796478
Epoch: 0 Iter: 58 Acc: 0.80 Loss: 27.2114849091
Epoch: 0 Iter: 59 Acc: 0.83 Loss: 26.5060844421
Epoch: 0 Iter: 60 Acc: 0.84 Loss: 26.7876758575
Epoch: 0 Iter: 61 Acc: 0.84 Loss: 25.9916229248
Epoch: 0 Iter: 62 Acc: 0.84 Loss: 25.5371646881
Epoch: 0 Iter: 63 Acc: 0.77 Loss: 25.485124588
Epoch: 0 Iter: 64 Acc: 0.88 Loss: 25.1058006287
Epoch: 0 Iter: 65 Acc: 0.84 Loss: 24.6123714447
Epoch: 0 Iter: 66 Acc: 0.78 Loss: 23.9703998566
Epoch: 0 Iter: 67 Acc: 0.80 Loss: 24.0145244598
Epoch: 0 Iter: 68 Acc: 0.81 Loss: 23.3516616821
Epoch: 0 Iter: 69 Acc: 0.82 Loss: 22.8831768036
Epoch: 0 Iter: 70 Acc: 0.84 Loss: 22.7240200043
Epoch: 0 Iter: 71 Acc: 0.83 Loss: 22.0936012268
Epoch: 0 Iter: 72 Acc: 0.83 Loss: 22.1733818054
Epoch: 0 Iter: 73 Acc: 0.86 Loss: 21.9378185272
Epoch: 0 Iter: 74 Acc: 0.86 Loss: 21.3817615509
Epoch: 0 Average loss: 40.6581128924
Epoch 0 Val Acc: 0.71
Epoch: 1 Iter: 0 Acc: 0.89 Loss: 20.6953659058
Epoch: 1 Iter: 1 Acc: 0.86 Loss: 20.5860099792
Epoch: 1 Iter: 2 Acc: 0.85 Loss: 20.4016399384
Epoch: 1 Iter: 3 Acc: 0.87 Loss: 20.3624000549
Epoch: 1 Iter: 4 Acc: 0.84 Loss: 19.5469875336
Epoch: 1 Iter: 5 Acc: 0.91 Loss: 19.3211593628
Epoch: 1 Iter: 6 Acc: 0.88 Loss: 19.4495773315
Epoch: 1 Iter: 7 Acc: 0.84 Loss: 19.4828090668
Epoch: 1 Iter: 8 Acc: 0.84 Loss: 19.174249649
Epoch: 1 Iter: 9 Acc: 0.90 Loss: 18.7843093872
Epoch: 1 Iter: 10 Acc: 0.92 Loss: 18.2461891174
Epoch: 1 Iter: 11 Acc: 0.88 Loss: 18.006986618
Epoch: 1 Iter: 12 Acc: 0.87 Loss: 18.1612014771
Epoch: 1 Iter: 13 Acc: 0.83 Loss: 17.454788208
Epoch: 1 Iter: 14 Acc: 0.82 Loss: 17.6276531219
Epoch: 1 Iter: 15 Acc: 0.84 Loss: 17.3729095459
Epoch: 1 Iter: 16 Acc: 0.88 Loss: 17.1781635284
Epoch: 1 Iter: 17 Acc: 0.86 Loss: 16.9196014404
Epoch: 1 Iter: 18 Acc: 0.97 Loss: 16.6422691345
Epoch: 1 Iter: 19 Acc: 0.88 Loss: 16.2843894958
Epoch: 1 Iter: 20 Acc: 0.88 Loss: 16.47133255
Epoch: 1 Iter: 21 Acc: 0.90 Loss: 15.960308075
Epoch: 1 Iter: 22 Acc: 0.90 Loss: 15.9891443253
Epoch: 1 Iter: 23 Acc: 0.83 Loss: 15.7479839325
Epoch: 1 Iter: 24 Acc: 0.91 Loss: 15.606221199
Epoch: 1 Iter: 25 Acc: 0.87 Loss: 15.3675012589
Epoch: 1 Iter: 26 Acc: 0.90 Loss: 14.8198213577
Epoch: 1 Iter: 27 Acc: 0.88 Loss: 15.038895607
Epoch: 1 Iter: 28 Acc: 0.91 Loss: 14.6499214172
Epoch: 1 Iter: 29 Acc: 0.93 Loss: 14.3554430008
Epoch: 1 Iter: 30 Acc: 0.89 Loss: 14.130033493
Epoch: 1 Iter: 31 Acc: 0.89 Loss: 14.0661182404
Epoch: 1 Iter: 32 Acc: 0.88 Loss: 14.0089426041
Epoch: 1 Iter: 33 Acc: 0.92 Loss: 14.0615129471
Epoch: 1 Iter: 34 Acc: 0.84 Loss: 13.578496933
Epoch: 1 Iter: 35 Acc: 0.90 Loss: 13.5892238617
Epoch: 1 Iter: 36 Acc: 0.89 Loss: 13.5524253845
Epoch: 1 Iter: 37 Acc: 0.94 Loss: 13.328379631
Epoch: 1 Iter: 38 Acc: 0.95 Loss: 12.9867620468
Epoch: 1 Iter: 39 Acc: 0.91 Loss: 13.1204147339
Epoch: 1 Iter: 40 Acc: 0.95 Loss: 13.1525030136
Epoch: 1 Iter: 41 Acc: 0.88 Loss: 12.7991418839
Epoch: 1 Iter: 42 Acc: 0.93 Loss: 12.8433589935
Epoch: 1 Iter: 43 Acc: 0.95 Loss: 12.4899587631
Epoch: 1 Iter: 44 Acc: 0.88 Loss: 12.446972847
Epoch: 1 Iter: 45 Acc: 0.89 Loss: 12.4720230103
Epoch: 1 Iter: 46 Acc: 0.95 Loss: 11.8695878983
Epoch: 1 Iter: 47 Acc: 0.88 Loss: 11.9783973694
Epoch: 1 Iter: 48 Acc: 0.87 Loss: 11.9317245483
Epoch: 1 Iter: 49 Acc: 0.88 Loss: 11.8286142349
Epoch: 1 Iter: 50 Acc: 0.90 Loss: 11.8466358185
Epoch: 1 Iter: 51 Acc: 0.88 Loss: 11.663444519
Epoch: 1 Iter: 52 Acc: 0.91 Loss: 11.3631391525
Epoch: 1 Iter: 53 Acc: 0.91 Loss: 11.3979434967
Epoch: 1 Iter: 54 Acc: 0.88 Loss: 11.6217794418
Epoch: 1 Iter: 55 Acc: 0.90 Loss: 11.2485742569
Epoch: 1 Iter: 56 Acc: 0.90 Loss: 10.9638690948
Epoch: 1 Iter: 57 Acc: 0.89 Loss: 11.0975103378
Epoch: 1 Iter: 58 Acc: 0.90 Loss: 11.0064926147
Epoch: 1 Iter: 59 Acc: 0.93 Loss: 10.8475761414
Epoch: 1 Iter: 60 Acc: 0.89 Loss: 10.8926515579
Epoch: 1 Iter: 61 Acc: 0.89 Loss: 10.5178012848
Epoch: 1 Iter: 62 Acc: 0.91 Loss: 10.333615303
Epoch: 1 Iter: 63 Acc: 0.88 Loss: 10.6678190231
Epoch: 1 Iter: 64 Acc: 0.88 Loss: 10.4524612427
Epoch: 1 Iter: 65 Acc: 0.88 Loss: 10.6243886948
Epoch: 1 Iter: 66 Acc: 0.91 Loss: 10.1700954437
Epoch: 1 Iter: 67 Acc: 0.92 Loss: 10.1126127243
Epoch: 1 Iter: 68 Acc: 0.94 Loss: 9.96862888336
Epoch: 1 Iter: 69 Acc: 0.92 Loss: 9.58317756653
Epoch: 1 Iter: 70 Acc: 0.91 Loss: 9.64854240417
Epoch: 1 Iter: 71 Acc: 0.94 Loss: 9.87438869476
Epoch: 1 Iter: 72 Acc: 0.89 Loss: 9.78428840637
Epoch: 1 Iter: 73 Acc: 0.95 Loss: 9.46266555786
Epoch: 1 Iter: 74 Acc: 0.88 Loss: 9.76514339447
Epoch: 1 Average loss: 14.039451079
Epoch 1 Val Acc: 0.75
Epoch: 2 Iter: 0 Acc: 0.95 Loss: 9.05755901337
Epoch: 2 Iter: 1 Acc: 0.97 Loss: 9.0139875412
Epoch: 2 Iter: 2 Acc: 0.94 Loss: 8.98032093048
Epoch: 2 Iter: 3 Acc: 0.95 Loss: 9.10388946533
Epoch: 2 Iter: 4 Acc: 0.95 Loss: 8.89409446716
Epoch: 2 Iter: 5 Acc: 0.95 Loss: 8.96558094025
Epoch: 2 Iter: 6 Acc: 0.91 Loss: 9.01646518707
Epoch: 2 Iter: 7 Acc: 0.96 Loss: 8.59466648102
Epoch: 2 Iter: 8 Acc: 0.92 Loss: 8.72470855713
Epoch: 2 Iter: 9 Acc: 0.94 Loss: 8.52051925659
Epoch: 2 Iter: 10 Acc: 0.91 Loss: 8.62668514252
Epoch: 2 Iter: 11 Acc: 0.93 Loss: 8.37761974335
Epoch: 2 Iter: 12 Acc: 0.95 Loss: 8.38996219635
Epoch: 2 Iter: 13 Acc: 0.95 Loss: 8.37338733673
Epoch: 2 Iter: 14 Acc: 0.91 Loss: 8.41393184662
Epoch: 2 Iter: 15 Acc: 0.94 Loss: 8.2244644165
Epoch: 2 Iter: 16 Acc: 0.95 Loss: 8.01470851898
Epoch: 2 Iter: 17 Acc: 0.93 Loss: 8.02628040314
Epoch: 2 Iter: 18 Acc: 0.88 Loss: 8.16550254822
Epoch: 2 Iter: 19 Acc: 0.90 Loss: 7.91475963593
Epoch: 2 Iter: 20 Acc: 0.98 Loss: 7.71701574326
Epoch: 2 Iter: 21 Acc: 0.95 Loss: 7.67243146896
Epoch: 2 Iter: 22 Acc: 0.97 Loss: 7.60078287125
Epoch: 2 Iter: 23 Acc: 0.94 Loss: 7.83157300949
Epoch: 2 Iter: 24 Acc: 0.91 Loss: 7.81182193756
Epoch: 2 Iter: 25 Acc: 0.95 Loss: 7.7565202713
Epoch: 2 Iter: 26 Acc: 0.93 Loss: 7.78189277649
Epoch: 2 Iter: 27 Acc: 0.98 Loss: 7.45811796188
Epoch: 2 Iter: 28 Acc: 0.88 Loss: 7.70361661911
Epoch: 2 Iter: 29 Acc: 0.95 Loss: 7.30077505112
Epoch: 2 Iter: 30 Acc: 0.94 Loss: 7.35442447662
Epoch: 2 Iter: 31 Acc: 0.95 Loss: 7.43569946289
Epoch: 2 Iter: 32 Acc: 0.94 Loss: 7.40541362762
Epoch: 2 Iter: 33 Acc: 0.93 Loss: 7.31282901764
Epoch: 2 Iter: 34 Acc: 0.95 Loss: 7.41525697708
Epoch: 2 Iter: 35 Acc: 0.95 Loss: 7.22175121307
Epoch: 2 Iter: 36 Acc: 0.86 Loss: 7.28378677368
Epoch: 2 Iter: 37 Acc: 0.93 Loss: 7.15852689743
Epoch: 2 Iter: 38 Acc: 0.97 Loss: 7.11202812195
Epoch: 2 Iter: 39 Acc: 0.93 Loss: 6.92937278748
Epoch: 2 Iter: 40 Acc: 0.91 Loss: 7.02862501144
Epoch: 2 Iter: 41 Acc: 0.95 Loss: 7.31533813477
Epoch: 2 Iter: 42 Acc: 0.95 Loss: 6.84644556046
Epoch: 2 Iter: 43 Acc: 0.92 Loss: 6.88257265091
Epoch: 2 Iter: 44 Acc: 0.94 Loss: 6.77523899078
Epoch: 2 Iter: 45 Acc: 0.97 Loss: 6.71155881882
Epoch: 2 Iter: 46 Acc: 0.93 Loss: 6.58014345169
Epoch: 2 Iter: 47 Acc: 0.96 Loss: 6.70755243301
Epoch: 2 Iter: 48 Acc: 0.93 Loss: 6.67842435837
Epoch: 2 Iter: 49 Acc: 0.95 Loss: 6.57785463333
Epoch: 2 Iter: 50 Acc: 0.91 Loss: 6.64597845078
Epoch: 2 Iter: 51 Acc: 0.95 Loss: 6.4963722229
Epoch: 2 Iter: 52 Acc: 0.95 Loss: 6.46462631226
Epoch: 2 Iter: 53 Acc: 0.93 Loss: 6.5618019104
Epoch: 2 Iter: 54 Acc: 0.95 Loss: 6.5104341507
Epoch: 2 Iter: 55 Acc: 0.92 Loss: 6.41368722916
Epoch: 2 Iter: 56 Acc: 0.94 Loss: 6.36268424988
Epoch: 2 Iter: 57 Acc: 0.93 Loss: 6.3597035408
Epoch: 2 Iter: 58 Acc: 0.92 Loss: 6.29914140701
Epoch: 2 Iter: 59 Acc: 0.95 Loss: 6.32786989212
Epoch: 2 Iter: 60 Acc: 0.94 Loss: 6.14665794373
Epoch: 2 Iter: 61 Acc: 0.98 Loss: 6.25909471512
Epoch: 2 Iter: 62 Acc: 0.87 Loss: 6.26318883896
Epoch: 2 Iter: 63 Acc: 0.96 Loss: 5.94731378555
Epoch: 2 Iter: 64 Acc: 0.98 Loss: 6.11433362961
Epoch: 2 Iter: 65 Acc: 0.95 Loss: 6.10416650772
Epoch: 2 Iter: 66 Acc: 0.96 Loss: 6.08394908905
Epoch: 2 Iter: 67 Acc: 0.90 Loss: 6.14047765732
Epoch: 2 Iter: 68 Acc: 0.90 Loss: 6.2565946579
Epoch: 2 Iter: 69 Acc: 0.94 Loss: 6.1162481308
Epoch: 2 Iter: 70 Acc: 0.97 Loss: 5.96402263641
Epoch: 2 Iter: 71 Acc: 0.95 Loss: 5.86809015274
Epoch: 2 Iter: 72 Acc: 0.95 Loss: 6.16521072388
Epoch: 2 Iter: 73 Acc: 0.95 Loss: 5.82956409454
Epoch: 2 Iter: 74 Acc: 0.92 Loss: 5.95431280136
Epoch: 2 Average loss: 7.26757843194
Epoch 2 Val Acc: 0.77
Epoch: 3 Iter: 0 Acc: 0.95 Loss: 5.7176322937
Epoch: 3 Iter: 1 Acc: 0.97 Loss: 5.64039707184
Epoch: 3 Iter: 2 Acc: 0.96 Loss: 5.59043121338
Epoch: 3 Iter: 3 Acc: 0.96 Loss: 5.8288230896
Epoch: 3 Iter: 4 Acc: 0.94 Loss: 5.66439008713
Epoch: 3 Iter: 5 Acc: 0.96 Loss: 5.61829948425
Epoch: 3 Iter: 6 Acc: 0.98 Loss: 5.52840518951
Epoch: 3 Iter: 7 Acc: 0.95 Loss: 5.50610971451
Epoch: 3 Iter: 8 Acc: 0.95 Loss: 5.55178022385
Epoch: 3 Iter: 9 Acc: 0.98 Loss: 5.3597946167
Epoch: 3 Iter: 10 Acc: 0.96 Loss: 5.26639080048
Epoch: 3 Iter: 11 Acc: 0.96 Loss: 5.39356803894
Epoch: 3 Iter: 12 Acc: 0.96 Loss: 5.40679693222
Epoch: 3 Iter: 13 Acc: 0.95 Loss: 5.44602108002
Epoch: 3 Iter: 14 Acc: 0.98 Loss: 5.07604551315
Epoch: 3 Iter: 15 Acc: 0.95 Loss: 5.32023954391
Epoch: 3 Iter: 16 Acc: 0.94 Loss: 5.22475671768
Epoch: 3 Iter: 17 Acc: 0.95 Loss: 5.33592319489
Epoch: 3 Iter: 18 Acc: 0.95 Loss: 5.09784030914
Epoch: 3 Iter: 19 Acc: 0.92 Loss: 5.2454366684
Epoch: 3 Iter: 20 Acc: 0.97 Loss: 5.06327915192
Epoch: 3 Iter: 21 Acc: 0.95 Loss: 5.25422286987
Epoch: 3 Iter: 22 Acc: 0.97 Loss: 5.20025777817
Epoch: 3 Iter: 23 Acc: 0.91 Loss: 5.12263584137
Epoch: 3 Iter: 24 Acc: 0.95 Loss: 5.07492446899
Epoch: 3 Iter: 25 Acc: 0.95 Loss: 4.98882293701
Epoch: 3 Iter: 26 Acc: 0.98 Loss: 4.90386819839
Epoch: 3 Iter: 27 Acc: 0.93 Loss: 5.02841520309
Epoch: 3 Iter: 28 Acc: 0.98 Loss: 4.97234773636
Epoch: 3 Iter: 29 Acc: 0.95 Loss: 4.80093860626
Epoch: 3 Iter: 30 Acc: 0.94 Loss: 4.84746360779
Epoch: 3 Iter: 31 Acc: 0.96 Loss: 4.9397149086
Epoch: 3 Iter: 32 Acc: 0.95 Loss: 5.0137591362
Epoch: 3 Iter: 33 Acc: 0.98 Loss: 4.80979299545
Epoch: 3 Iter: 34 Acc: 0.95 Loss: 5.08899450302
Epoch: 3 Iter: 35 Acc: 0.96 Loss: 4.77187728882
Epoch: 3 Iter: 36 Acc: 0.95 Loss: 4.71987247467
Epoch: 3 Iter: 37 Acc: 0.95 Loss: 4.77116823196
Epoch: 3 Iter: 38 Acc: 0.95 Loss: 4.79395675659
Epoch: 3 Iter: 39 Acc: 0.94 Loss: 4.86157131195
Epoch: 3 Iter: 40 Acc: 0.95 Loss: 4.70577096939
Epoch: 3 Iter: 41 Acc: 0.96 Loss: 4.64806938171
Epoch: 3 Iter: 42 Acc: 0.97 Loss: 4.76097202301
Epoch: 3 Iter: 43 Acc: 0.97 Loss: 5.02466344833
Epoch: 3 Iter: 44 Acc: 0.95 Loss: 4.69012641907
Epoch: 3 Iter: 45 Acc: 0.94 Loss: 4.73724412918
Epoch: 3 Iter: 46 Acc: 0.98 Loss: 4.66313171387
Epoch: 3 Iter: 47 Acc: 0.97 Loss: 4.68071651459
Epoch: 3 Iter: 48 Acc: 0.95 Loss: 4.6198925972
Epoch: 3 Iter: 49 Acc: 0.96 Loss: 4.58127260208
Epoch: 3 Iter: 50 Acc: 0.98 Loss: 4.47527599335
Epoch: 3 Iter: 51 Acc: 0.97 Loss: 4.58585453033
Epoch: 3 Iter: 52 Acc: 0.98 Loss: 4.46457719803
Epoch: 3 Iter: 53 Acc: 0.95 Loss: 4.66159057617
Epoch: 3 Iter: 54 Acc: 0.99 Loss: 4.48189926147
Epoch: 3 Iter: 55 Acc: 0.93 Loss: 4.57143497467
Epoch: 3 Iter: 56 Acc: 0.97 Loss: 4.47291040421
Epoch: 3 Iter: 57 Acc: 0.95 Loss: 4.35946178436
Epoch: 3 Iter: 58 Acc: 0.95 Loss: 4.53942251205
Epoch: 3 Iter: 59 Acc: 0.96 Loss: 4.49064922333
Epoch: 3 Iter: 60 Acc: 0.97 Loss: 4.37480545044
Epoch: 3 Iter: 61 Acc: 1.00 Loss: 4.15641546249
Epoch: 3 Iter: 62 Acc: 0.97 Loss: 4.35328292847
Epoch: 3 Iter: 63 Acc: 0.97 Loss: 4.27731370926
Epoch: 3 Iter: 64 Acc: 1.00 Loss: 4.2323141098
Epoch: 3 Iter: 65 Acc: 0.97 Loss: 4.20646047592
Epoch: 3 Iter: 66 Acc: 0.92 Loss: 4.32513809204
Epoch: 3 Iter: 67 Acc: 0.97 Loss: 4.22208118439
Epoch: 3 Iter: 68 Acc: 0.98 Loss: 4.24521446228
Epoch: 3 Iter: 69 Acc: 0.97 Loss: 4.16855430603
Epoch: 3 Iter: 70 Acc: 0.99 Loss: 4.28426408768
Epoch: 3 Iter: 71 Acc: 0.96 Loss: 4.2533493042
Epoch: 3 Iter: 72 Acc: 0.95 Loss: 4.27528953552
Epoch: 3 Iter: 73 Acc: 0.95 Loss: 4.09134817123
Epoch: 3 Iter: 74 Acc: 0.97 Loss: 4.20487976074
Epoch: 3 Average loss: 4.8540282112
Epoch 3 Val Acc: 0.79
Epoch: 4 Iter: 0 Acc: 0.99 Loss: 4.02399492264
Epoch: 4 Iter: 1 Acc: 0.98 Loss: 4.12459421158
Epoch: 4 Iter: 2 Acc: 0.95 Loss: 4.03979969025
Epoch: 4 Iter: 3 Acc: 0.96 Loss: 4.24171304703
Epoch: 4 Iter: 4 Acc: 0.98 Loss: 3.91655158997
Epoch: 4 Iter: 5 Acc: 0.95 Loss: 3.96236610413
Epoch: 4 Iter: 6 Acc: 0.98 Loss: 3.90941548347
Epoch: 4 Iter: 7 Acc: 0.95 Loss: 3.98959422112
Epoch: 4 Iter: 8 Acc: 0.94 Loss: 4.01355361938
Epoch: 4 Iter: 9 Acc: 0.99 Loss: 3.80159187317
Epoch: 4 Iter: 10 Acc: 0.95 Loss: 3.89787769318
Epoch: 4 Iter: 11 Acc: 0.99 Loss: 3.90059161186
Epoch: 4 Iter: 12 Acc: 0.99 Loss: 3.91724300385
Epoch: 4 Iter: 13 Acc: 0.97 Loss: 3.84836602211
Epoch: 4 Iter: 14 Acc: 0.99 Loss: 3.76182770729
Epoch: 4 Iter: 15 Acc: 0.98 Loss: 3.89244174957
Epoch: 4 Iter: 16 Acc: 0.98 Loss: 3.78738021851
Epoch: 4 Iter: 17 Acc: 1.00 Loss: 3.95547151566
Epoch: 4 Iter: 18 Acc: 0.95 Loss: 4.0857424736
Epoch: 4 Iter: 19 Acc: 0.98 Loss: 3.71897673607
Epoch: 4 Iter: 20 Acc: 1.00 Loss: 3.65217328072
Epoch: 4 Iter: 21 Acc: 0.95 Loss: 3.85607266426
Epoch: 4 Iter: 22 Acc: 0.97 Loss: 3.77172470093
Epoch: 4 Iter: 23 Acc: 0.98 Loss: 3.82403373718
Epoch: 4 Iter: 24 Acc: 0.99 Loss: 3.73614668846
Epoch: 4 Iter: 25 Acc: 0.97 Loss: 3.64649963379
Epoch: 4 Iter: 26 Acc: 0.97 Loss: 3.77677202225
Epoch: 4 Iter: 27 Acc: 0.98 Loss: 3.67686128616
Epoch: 4 Iter: 28 Acc: 0.98 Loss: 3.65231156349
Epoch: 4 Iter: 29 Acc: 0.98 Loss: 3.7022767067
Epoch: 4 Iter: 30 Acc: 0.98 Loss: 3.65459322929
Epoch: 4 Iter: 31 Acc: 0.99 Loss: 3.71530890465
Epoch: 4 Iter: 32 Acc: 0.97 Loss: 3.72539973259
Epoch: 4 Iter: 33 Acc: 0.97 Loss: 3.69977045059
Epoch: 4 Iter: 34 Acc: 0.98 Loss: 3.51708316803
Epoch: 4 Iter: 35 Acc: 1.00 Loss: 3.58704304695
Epoch: 4 Iter: 36 Acc: 0.98 Loss: 3.71182918549
Epoch: 4 Iter: 37 Acc: 0.97 Loss: 3.70946931839
Epoch: 4 Iter: 38 Acc: 0.97 Loss: 3.68193840981
Epoch: 4 Iter: 39 Acc: 0.99 Loss: 3.42981100082
Epoch: 4 Iter: 40 Acc: 0.98 Loss: 3.50290775299
Epoch: 4 Iter: 41 Acc: 0.95 Loss: 3.58635950089
Epoch: 4 Iter: 42 Acc: 0.98 Loss: 3.49687290192
Epoch: 4 Iter: 43 Acc: 0.97 Loss: 3.55828070641
Epoch: 4 Iter: 44 Acc: 0.97 Loss: 3.45889163017
Epoch: 4 Iter: 45 Acc: 0.98 Loss: 3.45757937431
Epoch: 4 Iter: 46 Acc: 0.94 Loss: 3.53675794601
Epoch: 4 Iter: 47 Acc: 0.97 Loss: 3.43784928322
Epoch: 4 Iter: 48 Acc: 0.97 Loss: 3.44230890274
Epoch: 4 Iter: 49 Acc: 0.99 Loss: 3.52985048294
Epoch: 4 Iter: 50 Acc: 0.97 Loss: 3.39865374565
Epoch: 4 Iter: 51 Acc: 1.00 Loss: 3.45341134071
Epoch: 4 Iter: 52 Acc: 0.98 Loss: 3.56023311615
Epoch: 4 Iter: 53 Acc: 0.98 Loss: 3.47092604637
Epoch: 4 Iter: 54 Acc: 0.98 Loss: 3.56564044952
Epoch: 4 Iter: 55 Acc: 0.98 Loss: 3.5410296917
Epoch: 4 Iter: 56 Acc: 0.98 Loss: 3.31284308434
Epoch: 4 Iter: 57 Acc: 0.95 Loss: 3.42728590965
Epoch: 4 Iter: 58 Acc: 0.98 Loss: 3.41914987564
Epoch: 4 Iter: 59 Acc: 0.98 Loss: 3.32906126976
Epoch: 4 Iter: 60 Acc: 0.97 Loss: 3.43812012672
Epoch: 4 Iter: 61 Acc: 0.98 Loss: 3.43274593353
Epoch: 4 Iter: 62 Acc: 0.98 Loss: 3.25308299065
Epoch: 4 Iter: 63 Acc: 0.98 Loss: 3.4143743515
Epoch: 4 Iter: 64 Acc: 0.98 Loss: 3.30307412148
Epoch: 4 Iter: 65 Acc: 0.98 Loss: 3.47961139679
Epoch: 4 Iter: 66 Acc: 0.98 Loss: 3.24568152428
Epoch: 4 Iter: 67 Acc: 0.94 Loss: 3.43459033966
Epoch: 4 Iter: 68 Acc: 0.98 Loss: 3.32502150536
Epoch: 4 Iter: 69 Acc: 0.98 Loss: 3.27273797989
Epoch: 4 Iter: 70 Acc: 0.98 Loss: 3.26188278198
Epoch: 4 Iter: 71 Acc: 0.98 Loss: 3.21769595146
Epoch: 4 Iter: 72 Acc: 0.96 Loss: 3.37454390526
Epoch: 4 Iter: 73 Acc: 0.98 Loss: 3.30204749107
Epoch: 4 Iter: 74 Acc: 0.98 Loss: 3.25778961182
Epoch: 4 Average loss: 3.62930614723
Epoch 4 Val Acc: 0.80
Epoch: 5 Iter: 0 Acc: 0.98 Loss: 3.14286184311
Epoch: 5 Iter: 1 Acc: 0.98 Loss: 3.21967101097
Epoch: 5 Iter: 2 Acc: 0.99 Loss: 3.29368829727
Epoch: 5 Iter: 3 Acc: 0.99 Loss: 3.26311850548
Epoch: 5 Iter: 4 Acc: 0.98 Loss: 3.06072020531
Epoch: 5 Iter: 5 Acc: 0.97 Loss: 3.1229455471
Epoch: 5 Iter: 6 Acc: 0.97 Loss: 3.25659584999
Epoch: 5 Iter: 7 Acc: 0.97 Loss: 3.34956049919
Epoch: 5 Iter: 8 Acc: 0.99 Loss: 3.15118169785
Epoch: 5 Iter: 9 Acc: 0.99 Loss: 3.07561564445
Epoch: 5 Iter: 10 Acc: 0.98 Loss: 3.19909262657
Epoch: 5 Iter: 11 Acc: 1.00 Loss: 3.10064840317
Epoch: 5 Iter: 12 Acc: 0.99 Loss: 3.01998353004
Epoch: 5 Iter: 13 Acc: 0.99 Loss: 2.91175937653
Epoch: 5 Iter: 14 Acc: 0.99 Loss: 2.94519472122
Epoch: 5 Iter: 15 Acc: 0.99 Loss: 3.00694155693
Epoch: 5 Iter: 16 Acc: 0.99 Loss: 3.06935405731
Epoch: 5 Iter: 17 Acc: 0.98 Loss: 2.95652008057
Epoch: 5 Iter: 18 Acc: 0.99 Loss: 2.94308996201
Epoch: 5 Iter: 19 Acc: 0.98 Loss: 3.01698565483
Epoch: 5 Iter: 20 Acc: 0.96 Loss: 3.2503156662
Epoch: 5 Iter: 21 Acc: 0.98 Loss: 2.94833397865
Epoch: 5 Iter: 22 Acc: 0.97 Loss: 3.01385521889
Epoch: 5 Iter: 23 Acc: 1.00 Loss: 2.96462225914
Epoch: 5 Iter: 24 Acc: 0.98 Loss: 3.02509140968
Epoch: 5 Iter: 25 Acc: 1.00 Loss: 2.81457567215
Epoch: 5 Iter: 26 Acc: 0.98 Loss: 2.95273137093
Epoch: 5 Iter: 27 Acc: 0.98 Loss: 2.93888378143
Epoch: 5 Iter: 28 Acc: 0.99 Loss: 2.87275409698
Epoch: 5 Iter: 29 Acc: 0.97 Loss: 3.03509879112
Epoch: 5 Iter: 30 Acc: 0.99 Loss: 2.90307641029
Epoch: 5 Iter: 31 Acc: 0.95 Loss: 2.9515247345
Epoch: 5 Iter: 32 Acc: 0.98 Loss: 2.91431570053
Epoch: 5 Iter: 33 Acc: 0.99 Loss: 2.91897177696
Epoch: 5 Iter: 34 Acc: 0.98 Loss: 2.86329674721
Epoch: 5 Iter: 35 Acc: 1.00 Loss: 2.91164398193
Epoch: 5 Iter: 36 Acc: 0.99 Loss: 2.88575553894
Epoch: 5 Iter: 37 Acc: 0.93 Loss: 3.04907274246
Epoch: 5 Iter: 38 Acc: 0.98 Loss: 2.86629652977
Epoch: 5 Iter: 39 Acc: 0.99 Loss: 2.9334871769
Epoch: 5 Iter: 40 Acc: 0.99 Loss: 2.81535243988
Epoch: 5 Iter: 41 Acc: 0.97 Loss: 2.87599229813
Epoch: 5 Iter: 42 Acc: 0.98 Loss: 2.81111884117
Epoch: 5 Iter: 43 Acc: 0.97 Loss: 2.87020874023
Epoch: 5 Iter: 44 Acc: 0.97 Loss: 2.79728388786
Epoch: 5 Iter: 45 Acc: 0.98 Loss: 2.87000250816
Epoch: 5 Iter: 46 Acc: 0.97 Loss: 2.8111615181
Epoch: 5 Iter: 47 Acc: 0.98 Loss: 2.81041049957
Epoch: 5 Iter: 48 Acc: 0.99 Loss: 2.84878206253
Epoch: 5 Iter: 49 Acc: 0.99 Loss: 2.8282353878
Epoch: 5 Iter: 50 Acc: 0.98 Loss: 2.80136179924
Epoch: 5 Iter: 51 Acc: 0.99 Loss: 2.66471529007
Epoch: 5 Iter: 52 Acc: 0.98 Loss: 2.71039032936
Epoch: 5 Iter: 53 Acc: 1.00 Loss: 2.89772987366
Epoch: 5 Iter: 54 Acc: 0.99 Loss: 2.72680783272
Epoch: 5 Iter: 55 Acc: 0.98 Loss: 2.7336461544
Epoch: 5 Iter: 56 Acc: 0.98 Loss: 2.70098304749
Epoch: 5 Iter: 57 Acc: 1.00 Loss: 2.69498968124
Epoch: 5 Iter: 58 Acc: 0.98 Loss: 2.74233031273
Epoch: 5 Iter: 59 Acc: 1.00 Loss: 2.73816680908
Epoch: 5 Iter: 60 Acc: 0.95 Loss: 2.70448994637
Epoch: 5 Iter: 61 Acc: 0.97 Loss: 2.70638203621
Epoch: 5 Iter: 62 Acc: 1.00 Loss: 2.68483376503
Epoch: 5 Iter: 63 Acc: 1.00 Loss: 2.61169409752
Epoch: 5 Iter: 64 Acc: 0.99 Loss: 2.60127973557
Epoch: 5 Iter: 65 Acc: 0.96 Loss: 2.68346190453
Epoch: 5 Iter: 66 Acc: 0.99 Loss: 2.64116477966
Epoch: 5 Iter: 67 Acc: 0.98 Loss: 2.75666165352
Epoch: 5 Iter: 68 Acc: 0.98 Loss: 2.69837164879
Epoch: 5 Iter: 69 Acc: 0.98 Loss: 2.61817121506
Epoch: 5 Iter: 70 Acc: 0.98 Loss: 2.63327527046
Epoch: 5 Iter: 71 Acc: 0.98 Loss: 2.66774988174
Epoch: 5 Iter: 72 Acc: 0.98 Loss: 2.70537161827
Epoch: 5 Iter: 73 Acc: 0.99 Loss: 2.55237913132
Epoch: 5 Iter: 74 Acc: 0.97 Loss: 2.67557382584
Epoch: 5 Average loss: 2.89221856413
Epoch 5 Val Acc: 0.80
Epoch: 6 Iter: 0 Acc: 0.99 Loss: 2.67843103409
Epoch: 6 Iter: 1 Acc: 0.98 Loss: 2.46403861046
Epoch: 6 Iter: 2 Acc: 0.99 Loss: 2.50350284576
Epoch: 6 Iter: 3 Acc: 0.98 Loss: 2.66902422905
Epoch: 6 Iter: 4 Acc: 1.00 Loss: 2.59877753258
Epoch: 6 Iter: 5 Acc: 0.98 Loss: 2.55230116844
Epoch: 6 Iter: 6 Acc: 0.98 Loss: 2.68444657326
Epoch: 6 Iter: 7 Acc: 0.98 Loss: 2.51959061623
Epoch: 6 Iter: 8 Acc: 1.00 Loss: 2.477455616
Epoch: 6 Iter: 9 Acc: 0.98 Loss: 2.52300810814
Epoch: 6 Iter: 10 Acc: 0.98 Loss: 2.48683142662
Epoch: 6 Iter: 11 Acc: 1.00 Loss: 2.50596451759
Epoch: 6 Iter: 12 Acc: 1.00 Loss: 2.4469742775
Epoch: 6 Iter: 13 Acc: 0.99 Loss: 2.46128106117
Epoch: 6 Iter: 14 Acc: 0.98 Loss: 2.44829273224
Epoch: 6 Iter: 15 Acc: 0.99 Loss: 2.44266796112
Epoch: 6 Iter: 16 Acc: 0.99 Loss: 2.51928257942
Epoch: 6 Iter: 17 Acc: 1.00 Loss: 2.42337632179
Epoch: 6 Iter: 18 Acc: 1.00 Loss: 2.3642168045
Epoch: 6 Iter: 19 Acc: 0.99 Loss: 2.42943954468
Epoch: 6 Iter: 20 Acc: 0.98 Loss: 2.51775622368
Epoch: 6 Iter: 21 Acc: 0.98 Loss: 2.44062972069
Epoch: 6 Iter: 22 Acc: 0.98 Loss: 2.43671703339
Epoch: 6 Iter: 23 Acc: 0.99 Loss: 2.40884256363
Epoch: 6 Iter: 24 Acc: 0.99 Loss: 2.36327457428
Epoch: 6 Iter: 25 Acc: 0.97 Loss: 2.37540459633
Epoch: 6 Iter: 26 Acc: 0.99 Loss: 2.4096827507
Epoch: 6 Iter: 27 Acc: 0.98 Loss: 2.47550272942
Epoch: 6 Iter: 28 Acc: 0.99 Loss: 2.38127827644
Epoch: 6 Iter: 29 Acc: 0.99 Loss: 2.38178539276
Epoch: 6 Iter: 30 Acc: 0.98 Loss: 2.46365618706
Epoch: 6 Iter: 31 Acc: 0.98 Loss: 2.38692235947
Epoch: 6 Iter: 32 Acc: 0.98 Loss: 2.39610123634
Epoch: 6 Iter: 33 Acc: 0.99 Loss: 2.37689423561
Epoch: 6 Iter: 34 Acc: 0.99 Loss: 2.35038232803
Epoch: 6 Iter: 35 Acc: 1.00 Loss: 2.37270379066
Epoch: 6 Iter: 36 Acc: 1.00 Loss: 2.32354569435
Epoch: 6 Iter: 37 Acc: 0.99 Loss: 2.40507555008
Epoch: 6 Iter: 38 Acc: 0.99 Loss: 2.32753753662
Epoch: 6 Iter: 39 Acc: 1.00 Loss: 2.37592697144
Epoch: 6 Iter: 40 Acc: 0.99 Loss: 2.3777616024
Epoch: 6 Iter: 41 Acc: 0.98 Loss: 2.3984811306
Epoch: 6 Iter: 42 Acc: 0.98 Loss: 2.39560008049
Epoch: 6 Iter: 43 Acc: 1.00 Loss: 2.28520298004
Epoch: 6 Iter: 44 Acc: 1.00 Loss: 2.27628087997
Epoch: 6 Iter: 45 Acc: 1.00 Loss: 2.30548524857
Epoch: 6 Iter: 46 Acc: 0.98 Loss: 2.36260652542
Epoch: 6 Iter: 47 Acc: 1.00 Loss: 2.24848222733
Epoch: 6 Iter: 48 Acc: 1.00 Loss: 2.29165577888
Epoch: 6 Iter: 49 Acc: 1.00 Loss: 2.29105806351
Epoch: 6 Iter: 50 Acc: 0.99 Loss: 2.32972574234
Epoch: 6 Iter: 51 Acc: 0.99 Loss: 2.24397778511
Epoch: 6 Iter: 52 Acc: 0.99 Loss: 2.26284742355
Epoch: 6 Iter: 53 Acc: 0.99 Loss: 2.38489675522
Epoch: 6 Iter: 54 Acc: 1.00 Loss: 2.28049683571
Epoch: 6 Iter: 55 Acc: 1.00 Loss: 2.25373935699
Epoch: 6 Iter: 56 Acc: 0.98 Loss: 2.26805353165
Epoch: 6 Iter: 57 Acc: 0.99 Loss: 2.27039694786
Epoch: 6 Iter: 58 Acc: 0.98 Loss: 2.26086831093
Epoch: 6 Iter: 59 Acc: 1.00 Loss: 2.32868266106
Epoch: 6 Iter: 60 Acc: 1.00 Loss: 2.24618029594
Epoch: 6 Iter: 61 Acc: 0.98 Loss: 2.36391282082
Epoch: 6 Iter: 62 Acc: 0.98 Loss: 2.22537779808
Epoch: 6 Iter: 63 Acc: 1.00 Loss: 2.19296455383
Epoch: 6 Iter: 64 Acc: 1.00 Loss: 2.22372531891
Epoch: 6 Iter: 65 Acc: 0.99 Loss: 2.14854288101
Epoch: 6 Iter: 66 Acc: 0.98 Loss: 2.23134016991
Epoch: 6 Iter: 67 Acc: 0.99 Loss: 2.21735811234
Epoch: 6 Iter: 68 Acc: 0.99 Loss: 2.24770259857
Epoch: 6 Iter: 69 Acc: 0.99 Loss: 2.18719291687
Epoch: 6 Iter: 70 Acc: 0.98 Loss: 2.23575353622
Epoch: 6 Iter: 71 Acc: 0.98 Loss: 2.31173110008
Epoch: 6 Iter: 72 Acc: 0.98 Loss: 2.23545193672
Epoch: 6 Iter: 73 Acc: 0.99 Loss: 2.23063516617
Epoch: 6 Iter: 74 Acc: 1.00 Loss: 2.27172684669
Epoch: 6 Average loss: 2.37205063126
Epoch 6 Val Acc: 0.81
Epoch: 7 Iter: 0 Acc: 0.99 Loss: 2.06354236603
Epoch: 7 Iter: 1 Acc: 0.98 Loss: 2.0906894207
Epoch: 7 Iter: 2 Acc: 1.00 Loss: 2.15684628487
Epoch: 7 Iter: 3 Acc: 1.00 Loss: 2.12532448769
Epoch: 7 Iter: 4 Acc: 0.99 Loss: 2.15131211281
Epoch: 7 Iter: 5 Acc: 1.00 Loss: 2.08685469627
Epoch: 7 Iter: 6 Acc: 1.00 Loss: 2.05937767029
Epoch: 7 Iter: 7 Acc: 1.00 Loss: 2.02549982071
Epoch: 7 Iter: 8 Acc: 0.99 Loss: 2.11388230324
Epoch: 7 Iter: 9 Acc: 1.00 Loss: 2.12270569801
Epoch: 7 Iter: 10 Acc: 0.99 Loss: 2.10739946365
Epoch: 7 Iter: 11 Acc: 1.00 Loss: 2.04069209099
Epoch: 7 Iter: 12 Acc: 1.00 Loss: 2.0606637001
Epoch: 7 Iter: 13 Acc: 1.00 Loss: 2.09052872658
Epoch: 7 Iter: 14 Acc: 0.99 Loss: 1.98692047596
Epoch: 7 Iter: 15 Acc: 0.99 Loss: 2.0901787281
Epoch: 7 Iter: 16 Acc: 0.98 Loss: 2.08252549171
Epoch: 7 Iter: 17 Acc: 0.99 Loss: 2.03428077698
Epoch: 7 Iter: 18 Acc: 0.98 Loss: 2.01248121262
Epoch: 7 Iter: 19 Acc: 0.98 Loss: 2.05811333656
Epoch: 7 Iter: 20 Acc: 0.98 Loss: 2.07974839211
Epoch: 7 Iter: 21 Acc: 0.98 Loss: 2.11413693428
Epoch: 7 Iter: 22 Acc: 0.99 Loss: 2.05970311165
Epoch: 7 Iter: 23 Acc: 0.98 Loss: 2.00183534622
Epoch: 7 Iter: 24 Acc: 0.99 Loss: 2.05478382111
Epoch: 7 Iter: 25 Acc: 0.99 Loss: 2.01799798012
Epoch: 7 Iter: 26 Acc: 1.00 Loss: 1.96098053455
Epoch: 7 Iter: 27 Acc: 0.98 Loss: 2.0705742836
Epoch: 7 Iter: 28 Acc: 0.98 Loss: 2.07085514069
Epoch: 7 Iter: 29 Acc: 1.00 Loss: 2.0787551403
Epoch: 7 Iter: 30 Acc: 1.00 Loss: 2.0625936985
Epoch: 7 Iter: 31 Acc: 1.00 Loss: 2.01791906357
Epoch: 7 Iter: 32 Acc: 1.00 Loss: 2.03543567657
Epoch: 7 Iter: 33 Acc: 0.99 Loss: 1.97900640965
Epoch: 7 Iter: 34 Acc: 0.98 Loss: 2.01639723778
Epoch: 7 Iter: 35 Acc: 1.00 Loss: 2.06268239021
Epoch: 7 Iter: 36 Acc: 0.99 Loss: 1.97104775906
Epoch: 7 Iter: 37 Acc: 1.00 Loss: 1.94618427753
Epoch: 7 Iter: 38 Acc: 1.00 Loss: 1.99320697784
Epoch: 7 Iter: 39 Acc: 0.99 Loss: 1.99464595318
Epoch: 7 Iter: 40 Acc: 0.99 Loss: 2.00104880333
Epoch: 7 Iter: 41 Acc: 1.00 Loss: 1.97165048122
Epoch: 7 Iter: 42 Acc: 1.00 Loss: 1.90885543823
Epoch: 7 Iter: 43 Acc: 0.99 Loss: 1.92326569557
Epoch: 7 Iter: 44 Acc: 1.00 Loss: 1.98776447773
Epoch: 7 Iter: 45 Acc: 1.00 Loss: 1.98982512951
Epoch: 7 Iter: 46 Acc: 1.00 Loss: 1.97185623646
Epoch: 7 Iter: 47 Acc: 1.00 Loss: 1.91458404064
Epoch: 7 Iter: 48 Acc: 0.99 Loss: 1.95362019539
Epoch: 7 Iter: 49 Acc: 0.99 Loss: 1.95513021946
Epoch: 7 Iter: 50 Acc: 0.99 Loss: 1.8847104311
Epoch: 7 Iter: 51 Acc: 1.00 Loss: 1.90688359737
Epoch: 7 Iter: 52 Acc: 0.98 Loss: 1.936419487
Epoch: 7 Iter: 53 Acc: 0.99 Loss: 2.04422187805
Epoch: 7 Iter: 54 Acc: 0.98 Loss: 1.87494730949
Epoch: 7 Iter: 55 Acc: 0.98 Loss: 1.98752117157
Epoch: 7 Iter: 56 Acc: 1.00 Loss: 1.86437940598
Epoch: 7 Iter: 57 Acc: 0.98 Loss: 1.96003460884
Epoch: 7 Iter: 58 Acc: 0.98 Loss: 1.93511891365
Epoch: 7 Iter: 59 Acc: 1.00 Loss: 1.94929754734
Epoch: 7 Iter: 60 Acc: 0.98 Loss: 1.89324522018
Epoch: 7 Iter: 61 Acc: 0.99 Loss: 1.88032567501
Epoch: 7 Iter: 62 Acc: 0.98 Loss: 1.94535171986
Epoch: 7 Iter: 63 Acc: 0.98 Loss: 1.98132836819
Epoch: 7 Iter: 64 Acc: 1.00 Loss: 1.9573456049
Epoch: 7 Iter: 65 Acc: 0.99 Loss: 1.92035913467
Epoch: 7 Iter: 66 Acc: 0.99 Loss: 1.90869665146
Epoch: 7 Iter: 67 Acc: 0.99 Loss: 1.87349152565
Epoch: 7 Iter: 68 Acc: 1.00 Loss: 1.90786242485
Epoch: 7 Iter: 69 Acc: 0.98 Loss: 1.88015139103
Epoch: 7 Iter: 70 Acc: 0.99 Loss: 1.92444121838
Epoch: 7 Iter: 71 Acc: 1.00 Loss: 1.9263676405
Epoch: 7 Iter: 72 Acc: 0.98 Loss: 1.86873650551
Epoch: 7 Iter: 73 Acc: 1.00 Loss: 1.7977669239
Epoch: 7 Iter: 74 Acc: 1.00 Loss: 1.95866453648
Epoch: 7 Average loss: 1.99616044827
Epoch 7 Val Acc: 0.81
Epoch: 8 Iter: 0 Acc: 1.00 Loss: 1.81570982933
Epoch: 8 Iter: 1 Acc: 1.00 Loss: 1.75773823261
Epoch: 8 Iter: 2 Acc: 1.00 Loss: 1.7655557394
Epoch: 8 Iter: 3 Acc: 1.00 Loss: 1.80040276051
Epoch: 8 Iter: 4 Acc: 1.00 Loss: 1.73924303055
Epoch: 8 Iter: 5 Acc: 1.00 Loss: 1.73906004429
Epoch: 8 Iter: 6 Acc: 0.99 Loss: 1.78984189034
Epoch: 8 Iter: 7 Acc: 1.00 Loss: 1.81671977043
Epoch: 8 Iter: 8 Acc: 0.98 Loss: 1.81832933426
Epoch: 8 Iter: 9 Acc: 0.99 Loss: 1.76177477837
Epoch: 8 Iter: 10 Acc: 1.00 Loss: 1.81263029575
Epoch: 8 Iter: 11 Acc: 0.98 Loss: 1.79458296299
Epoch: 8 Iter: 12 Acc: 0.99 Loss: 1.86916434765
Epoch: 8 Iter: 13 Acc: 1.00 Loss: 1.75286996365
Epoch: 8 Iter: 14 Acc: 0.99 Loss: 1.72318458557
Epoch: 8 Iter: 15 Acc: 0.98 Loss: 1.88067090511
Epoch: 8 Iter: 16 Acc: 0.99 Loss: 1.71634757519
Epoch: 8 Iter: 17 Acc: 1.00 Loss: 1.73016297817
Epoch: 8 Iter: 18 Acc: 1.00 Loss: 1.7374753952
Epoch: 8 Iter: 19 Acc: 1.00 Loss: 1.78302717209
Epoch: 8 Iter: 20 Acc: 0.98 Loss: 1.75717270374
Epoch: 8 Iter: 21 Acc: 1.00 Loss: 1.67204082012
Epoch: 8 Iter: 22 Acc: 1.00 Loss: 1.72136032581
Epoch: 8 Iter: 23 Acc: 1.00 Loss: 1.68713521957
Epoch: 8 Iter: 24 Acc: 1.00 Loss: 1.73421823978
Epoch: 8 Iter: 25 Acc: 1.00 Loss: 1.73375833035
Epoch: 8 Iter: 26 Acc: 0.99 Loss: 1.73650884628
Epoch: 8 Iter: 27 Acc: 0.99 Loss: 1.76599526405
Epoch: 8 Iter: 28 Acc: 0.99 Loss: 1.66445469856
Epoch: 8 Iter: 29 Acc: 1.00 Loss: 1.71901416779
Epoch: 8 Iter: 30 Acc: 1.00 Loss: 1.66184544563
Epoch: 8 Iter: 31 Acc: 1.00 Loss: 1.77293181419
Epoch: 8 Iter: 32 Acc: 0.99 Loss: 1.65907847881
Epoch: 8 Iter: 33 Acc: 1.00 Loss: 1.67105352879
Epoch: 8 Iter: 34 Acc: 1.00 Loss: 1.70573949814
Epoch: 8 Iter: 35 Acc: 1.00 Loss: 1.63742375374
Epoch: 8 Iter: 36 Acc: 1.00 Loss: 1.63372564316
Epoch: 8 Iter: 37 Acc: 0.99 Loss: 1.64674735069
Epoch: 8 Iter: 38 Acc: 0.98 Loss: 1.73630475998
Epoch: 8 Iter: 39 Acc: 0.98 Loss: 1.6381739378
Epoch: 8 Iter: 40 Acc: 1.00 Loss: 1.65693366528
Epoch: 8 Iter: 41 Acc: 1.00 Loss: 1.66496479511
Epoch: 8 Iter: 42 Acc: 1.00 Loss: 1.61609816551
Epoch: 8 Iter: 43 Acc: 1.00 Loss: 1.68142950535
Epoch: 8 Iter: 44 Acc: 1.00 Loss: 1.6719455719
Epoch: 8 Iter: 45 Acc: 1.00 Loss: 1.69641947746
Epoch: 8 Iter: 46 Acc: 1.00 Loss: 1.63192725182
Epoch: 8 Iter: 47 Acc: 1.00 Loss: 1.66903603077
Epoch: 8 Iter: 48 Acc: 0.98 Loss: 1.71948647499
Epoch: 8 Iter: 49 Acc: 0.99 Loss: 1.66919517517
Epoch: 8 Iter: 50 Acc: 0.99 Loss: 1.64035689831
Epoch: 8 Iter: 51 Acc: 1.00 Loss: 1.66015458107
Epoch: 8 Iter: 52 Acc: 1.00 Loss: 1.62310624123
Epoch: 8 Iter: 53 Acc: 0.99 Loss: 1.65673780441
Epoch: 8 Iter: 54 Acc: 0.98 Loss: 1.7379399538
Epoch: 8 Iter: 55 Acc: 0.98 Loss: 1.67294597626
Epoch: 8 Iter: 56 Acc: 0.99 Loss: 1.63213086128
Epoch: 8 Iter: 57 Acc: 1.00 Loss: 1.62948727608
Epoch: 8 Iter: 58 Acc: 0.99 Loss: 1.64249932766
Epoch: 8 Iter: 59 Acc: 0.99 Loss: 1.60123026371
Epoch: 8 Iter: 60 Acc: 0.99 Loss: 1.62477564812
Epoch: 8 Iter: 61 Acc: 0.99 Loss: 1.6595697403
Epoch: 8 Iter: 62 Acc: 1.00 Loss: 1.63518559933
Epoch: 8 Iter: 63 Acc: 0.99 Loss: 1.60838961601
Epoch: 8 Iter: 64 Acc: 1.00 Loss: 1.60283100605
Epoch: 8 Iter: 65 Acc: 0.98 Loss: 1.67440831661
Epoch: 8 Iter: 66 Acc: 0.99 Loss: 1.61952495575
Epoch: 8 Iter: 67 Acc: 1.00 Loss: 1.54397773743
Epoch: 8 Iter: 68 Acc: 0.99 Loss: 1.6892875433
Epoch: 8 Iter: 69 Acc: 1.00 Loss: 1.61887788773
Epoch: 8 Iter: 70 Acc: 0.99 Loss: 1.62196421623
Epoch: 8 Iter: 71 Acc: 1.00 Loss: 1.62711918354
Epoch: 8 Iter: 72 Acc: 1.00 Loss: 1.61531066895
Epoch: 8 Iter: 73 Acc: 0.99 Loss: 1.62224364281
Epoch: 8 Iter: 74 Acc: 0.98 Loss: 1.65887570381
Epoch: 8 Average loss: 1.69564853748
Epoch 8 Val Acc: 0.81
Epoch: 9 Iter: 0 Acc: 1.00 Loss: 1.56767237186
Epoch: 9 Iter: 1 Acc: 1.00 Loss: 1.53567862511
Epoch: 9 Iter: 2 Acc: 1.00 Loss: 1.61168539524
Epoch: 9 Iter: 3 Acc: 0.99 Loss: 1.54685819149
Epoch: 9 Iter: 4 Acc: 1.00 Loss: 1.54380023479
Epoch: 9 Iter: 5 Acc: 1.00 Loss: 1.59766101837
Epoch: 9 Iter: 6 Acc: 0.99 Loss: 1.49465596676
Epoch: 9 Iter: 7 Acc: 1.00 Loss: 1.51697731018
Epoch: 9 Iter: 8 Acc: 0.98 Loss: 1.56291687489
Epoch: 9 Iter: 9 Acc: 0.99 Loss: 1.56346082687
Epoch: 9 Iter: 10 Acc: 0.99 Loss: 1.51047706604
Epoch: 9 Iter: 11 Acc: 1.00 Loss: 1.48458051682
Epoch: 9 Iter: 12 Acc: 0.99 Loss: 1.58374106884
Epoch: 9 Iter: 13 Acc: 1.00 Loss: 1.5857707262
Epoch: 9 Iter: 14 Acc: 0.99 Loss: 1.47902107239
Epoch: 9 Iter: 15 Acc: 1.00 Loss: 1.52989315987
Epoch: 9 Iter: 16 Acc: 1.00 Loss: 1.5277762413
Epoch: 9 Iter: 17 Acc: 0.98 Loss: 1.51477122307
Epoch: 9 Iter: 18 Acc: 1.00 Loss: 1.46901416779
Epoch: 9 Iter: 19 Acc: 1.00 Loss: 1.50361537933
Epoch: 9 Iter: 20 Acc: 1.00 Loss: 1.53705227375
Epoch: 9 Iter: 21 Acc: 1.00 Loss: 1.52673637867
Epoch: 9 Iter: 22 Acc: 0.98 Loss: 1.46684610844
Epoch: 9 Iter: 23 Acc: 1.00 Loss: 1.44650566578
Epoch: 9 Iter: 24 Acc: 1.00 Loss: 1.45284688473
Epoch: 9 Iter: 25 Acc: 1.00 Loss: 1.51042211056
Epoch: 9 Iter: 26 Acc: 1.00 Loss: 1.45631599426
Epoch: 9 Iter: 27 Acc: 1.00 Loss: 1.47415399551
Epoch: 9 Iter: 28 Acc: 0.99 Loss: 1.46861970425
Epoch: 9 Iter: 29 Acc: 1.00 Loss: 1.47657513618
Epoch: 9 Iter: 30 Acc: 1.00 Loss: 1.4896042347
Epoch: 9 Iter: 31 Acc: 0.99 Loss: 1.52301347256
Epoch: 9 Iter: 32 Acc: 0.99 Loss: 1.4211268425
Epoch: 9 Iter: 33 Acc: 0.99 Loss: 1.53766524792
Epoch: 9 Iter: 34 Acc: 1.00 Loss: 1.50681757927
Epoch: 9 Iter: 35 Acc: 1.00 Loss: 1.43388056755
Epoch: 9 Iter: 36 Acc: 0.99 Loss: 1.53496837616
Epoch: 9 Iter: 37 Acc: 0.98 Loss: 1.46139216423
Epoch: 9 Iter: 38 Acc: 1.00 Loss: 1.49325823784
Epoch: 9 Iter: 39 Acc: 1.00 Loss: 1.54076385498
Epoch: 9 Iter: 40 Acc: 1.00 Loss: 1.4932063818
Epoch: 9 Iter: 41 Acc: 0.98 Loss: 1.54677009583
Epoch: 9 Iter: 42 Acc: 1.00 Loss: 1.48201274872
Epoch: 9 Iter: 43 Acc: 1.00 Loss: 1.42428672314
Epoch: 9 Iter: 44 Acc: 1.00 Loss: 1.49974191189
Epoch: 9 Iter: 45 Acc: 0.99 Loss: 1.41038537025
Epoch: 9 Iter: 46 Acc: 0.99 Loss: 1.46401238441
Epoch: 9 Iter: 47 Acc: 1.00 Loss: 1.40417802334
Epoch: 9 Iter: 48 Acc: 1.00 Loss: 1.42162418365
Epoch: 9 Iter: 49 Acc: 0.99 Loss: 1.52438175678
Epoch: 9 Iter: 50 Acc: 0.99 Loss: 1.41981244087
Epoch: 9 Iter: 51 Acc: 1.00 Loss: 1.35810387135
Epoch: 9 Iter: 52 Acc: 0.99 Loss: 1.42934465408
Epoch: 9 Iter: 53 Acc: 1.00 Loss: 1.39412510395
Epoch: 9 Iter: 54 Acc: 1.00 Loss: 1.40637052059
Epoch: 9 Iter: 55 Acc: 1.00 Loss: 1.38332486153
Epoch: 9 Iter: 56 Acc: 1.00 Loss: 1.40753960609
Epoch: 9 Iter: 57 Acc: 1.00 Loss: 1.42075490952
Epoch: 9 Iter: 58 Acc: 1.00 Loss: 1.3612370491
Epoch: 9 Iter: 59 Acc: 1.00 Loss: 1.41301167011
Epoch: 9 Iter: 60 Acc: 1.00 Loss: 1.46644294262
Epoch: 9 Iter: 61 Acc: 0.99 Loss: 1.43355882168
Epoch: 9 Iter: 62 Acc: 0.98 Loss: 1.41096758842
Epoch: 9 Iter: 63 Acc: 1.00 Loss: 1.36113214493
Epoch: 9 Iter: 64 Acc: 1.00 Loss: 1.39805698395
Epoch: 9 Iter: 65 Acc: 0.99 Loss: 1.39012348652
Epoch: 9 Iter: 66 Acc: 1.00 Loss: 1.35161292553
Epoch: 9 Iter: 67 Acc: 1.00 Loss: 1.32778418064
Epoch: 9 Iter: 68 Acc: 1.00 Loss: 1.3591439724
Epoch: 9 Iter: 69 Acc: 1.00 Loss: 1.37543737888
Epoch: 9 Iter: 70 Acc: 1.00 Loss: 1.44725382328
Epoch: 9 Iter: 71 Acc: 0.99 Loss: 1.4008756876
Epoch: 9 Iter: 72 Acc: 0.99 Loss: 1.40254497528
Epoch: 9 Iter: 73 Acc: 0.99 Loss: 1.38143122196
Epoch: 9 Iter: 74 Acc: 0.98 Loss: 1.43963813782
Epoch: 9 Average loss: 1.46817152778
Epoch 9 Val Acc: 0.81
Epoch: 10 Iter: 0 Acc: 1.00 Loss: 1.36440420151
Epoch: 10 Iter: 1 Acc: 1.00 Loss: 1.42489087582
Epoch: 10 Iter: 2 Acc: 0.98 Loss: 1.3380573988
Epoch: 10 Iter: 3 Acc: 0.98 Loss: 1.33661198616
Epoch: 10 Iter: 4 Acc: 1.00 Loss: 1.33520996571
Epoch: 10 Iter: 5 Acc: 1.00 Loss: 1.36911392212
Epoch: 10 Iter: 6 Acc: 1.00 Loss: 1.3444082737
Epoch: 10 Iter: 7 Acc: 1.00 Loss: 1.38070893288
Epoch: 10 Iter: 8 Acc: 1.00 Loss: 1.34417319298
Epoch: 10 Iter: 9 Acc: 0.99 Loss: 1.32045006752
Epoch: 10 Iter: 10 Acc: 1.00 Loss: 1.32315146923
Epoch: 10 Iter: 11 Acc: 1.00 Loss: 1.33383536339
Epoch: 10 Iter: 12 Acc: 0.99 Loss: 1.30067253113
Epoch: 10 Iter: 13 Acc: 1.00 Loss: 1.33185231686
Epoch: 10 Iter: 14 Acc: 1.00 Loss: 1.27255117893
Epoch: 10 Iter: 15 Acc: 0.98 Loss: 1.34779107571
Epoch: 10 Iter: 16 Acc: 1.00 Loss: 1.25431442261
Epoch: 10 Iter: 17 Acc: 1.00 Loss: 1.28084027767
Epoch: 10 Iter: 18 Acc: 1.00 Loss: 1.28794801235
Epoch: 10 Iter: 19 Acc: 0.99 Loss: 1.25590467453
Epoch: 10 Iter: 20 Acc: 1.00 Loss: 1.26955401897
Epoch: 10 Iter: 21 Acc: 1.00 Loss: 1.31649279594
Epoch: 10 Iter: 22 Acc: 0.98 Loss: 1.30121362209
Epoch: 10 Iter: 23 Acc: 0.98 Loss: 1.39310228825
Epoch: 10 Iter: 24 Acc: 1.00 Loss: 1.3387440443
Epoch: 10 Iter: 25 Acc: 1.00 Loss: 1.26839208603
Epoch: 10 Iter: 26 Acc: 1.00 Loss: 1.27820718288
Epoch: 10 Iter: 27 Acc: 1.00 Loss: 1.25205767155
Epoch: 10 Iter: 28 Acc: 0.99 Loss: 1.2754137516
Epoch: 10 Iter: 29 Acc: 0.99 Loss: 1.31509542465
Epoch: 10 Iter: 30 Acc: 1.00 Loss: 1.27459728718
Epoch: 10 Iter: 31 Acc: 1.00 Loss: 1.2767663002
Epoch: 10 Iter: 32 Acc: 1.00 Loss: 1.31597840786
Epoch: 10 Iter: 33 Acc: 0.99 Loss: 1.30982327461
Epoch: 10 Iter: 34 Acc: 1.00 Loss: 1.26600170135
Epoch: 10 Iter: 35 Acc: 0.99 Loss: 1.25582003593
Epoch: 10 Iter: 36 Acc: 1.00 Loss: 1.24197852612
Epoch: 10 Iter: 37 Acc: 1.00 Loss: 1.25347220898
Epoch: 10 Iter: 38 Acc: 1.00 Loss: 1.24602258205
Epoch: 10 Iter: 39 Acc: 1.00 Loss: 1.30380535126
Epoch: 10 Iter: 40 Acc: 0.99 Loss: 1.25608420372
Epoch: 10 Iter: 41 Acc: 1.00 Loss: 1.23224079609
Epoch: 10 Iter: 42 Acc: 1.00 Loss: 1.25066626072
Epoch: 10 Iter: 43 Acc: 1.00 Loss: 1.24836158752
Epoch: 10 Iter: 44 Acc: 1.00 Loss: 1.2806648016
Epoch: 10 Iter: 45 Acc: 0.99 Loss: 1.27460181713
Epoch: 10 Iter: 46 Acc: 1.00 Loss: 1.31906235218
Epoch: 10 Iter: 47 Acc: 0.99 Loss: 1.22512567043
Epoch: 10 Iter: 48 Acc: 1.00 Loss: 1.26207053661
Epoch: 10 Iter: 49 Acc: 1.00 Loss: 1.25589454174
Epoch: 10 Iter: 50 Acc: 0.99 Loss: 1.275562644
Epoch: 10 Iter: 51 Acc: 1.00 Loss: 1.2450325489
Epoch: 10 Iter: 52 Acc: 0.99 Loss: 1.32652318478
Epoch: 10 Iter: 53 Acc: 0.98 Loss: 1.27635109425
Epoch: 10 Iter: 54 Acc: 1.00 Loss: 1.22691750526
Epoch: 10 Iter: 55 Acc: 1.00 Loss: 1.23249185085
Epoch: 10 Iter: 56 Acc: 1.00 Loss: 1.21711111069
Epoch: 10 Iter: 57 Acc: 0.99 Loss: 1.28017389774
Epoch: 10 Iter: 58 Acc: 0.98 Loss: 1.23900330067
Epoch: 10 Iter: 59 Acc: 1.00 Loss: 1.20173203945
Epoch: 10 Iter: 60 Acc: 1.00 Loss: 1.22102677822
Epoch: 10 Iter: 61 Acc: 1.00 Loss: 1.22244632244
Epoch: 10 Iter: 62 Acc: 0.99 Loss: 1.19158768654
Epoch: 10 Iter: 63 Acc: 1.00 Loss: 1.27109491825
Epoch: 10 Iter: 64 Acc: 1.00 Loss: 1.16996395588
Epoch: 10 Iter: 65 Acc: 0.99 Loss: 1.24728810787
Epoch: 10 Iter: 66 Acc: 1.00 Loss: 1.17433130741
Epoch: 10 Iter: 67 Acc: 1.00 Loss: 1.18084299564
Epoch: 10 Iter: 68 Acc: 1.00 Loss: 1.27043187618
Epoch: 10 Iter: 69 Acc: 1.00 Loss: 1.20690011978
Epoch: 10 Iter: 70 Acc: 1.00 Loss: 1.17685687542
Epoch: 10 Iter: 71 Acc: 1.00 Loss: 1.20836389065
Epoch: 10 Iter: 72 Acc: 1.00 Loss: 1.23129189014
Epoch: 10 Iter: 73 Acc: 1.00 Loss: 1.18539309502
Epoch: 10 Iter: 74 Acc: 1.00 Loss: 1.21701180935
Epoch: 10 Average loss: 1.2750466144
Epoch 10 Val Acc: 0.81
Epoch: 11 Iter: 0 Acc: 1.00 Loss: 1.20987868309
Epoch: 11 Iter: 1 Acc: 1.00 Loss: 1.18209946156
Epoch: 11 Iter: 2 Acc: 1.00 Loss: 1.15133559704
Epoch: 11 Iter: 3 Acc: 1.00 Loss: 1.1326417923
Epoch: 11 Iter: 4 Acc: 1.00 Loss: 1.15858185291
Epoch: 11 Iter: 5 Acc: 1.00 Loss: 1.15237689018
Epoch: 11 Iter: 6 Acc: 1.00 Loss: 1.10440039635
Epoch: 11 Iter: 7 Acc: 0.99 Loss: 1.17834186554
Epoch: 11 Iter: 8 Acc: 1.00 Loss: 1.19632947445
Epoch: 11 Iter: 9 Acc: 1.00 Loss: 1.15262794495
Epoch: 11 Iter: 10 Acc: 1.00 Loss: 1.18582165241
Epoch: 11 Iter: 11 Acc: 1.00 Loss: 1.1325442791
Epoch: 11 Iter: 12 Acc: 1.00 Loss: 1.15309679508
Epoch: 11 Iter: 13 Acc: 1.00 Loss: 1.19121742249
Epoch: 11 Iter: 14 Acc: 1.00 Loss: 1.22512471676
Epoch: 11 Iter: 15 Acc: 0.98 Loss: 1.19688379765
Epoch: 11 Iter: 16 Acc: 1.00 Loss: 1.18423676491
Epoch: 11 Iter: 17 Acc: 0.98 Loss: 1.17629575729
Epoch: 11 Iter: 18 Acc: 1.00 Loss: 1.17332911491
Epoch: 11 Iter: 19 Acc: 1.00 Loss: 1.11648440361
Epoch: 11 Iter: 20 Acc: 0.99 Loss: 1.18013346195
Epoch: 11 Iter: 21 Acc: 1.00 Loss: 1.14849901199
Epoch: 11 Iter: 22 Acc: 1.00 Loss: 1.13621211052
Epoch: 11 Iter: 23 Acc: 1.00 Loss: 1.16090881824
Epoch: 11 Iter: 24 Acc: 0.99 Loss: 1.19486677647
Epoch: 11 Iter: 25 Acc: 1.00 Loss: 1.13174760342
Epoch: 11 Iter: 26 Acc: 1.00 Loss: 1.1249319315
Epoch: 11 Iter: 27 Acc: 1.00 Loss: 1.13207507133
Epoch: 11 Iter: 28 Acc: 0.99 Loss: 1.12955355644
Epoch: 11 Iter: 29 Acc: 1.00 Loss: 1.13124990463
Epoch: 11 Iter: 30 Acc: 0.99 Loss: 1.16201341152
Epoch: 11 Iter: 31 Acc: 1.00 Loss: 1.13438224792
Epoch: 11 Iter: 32 Acc: 1.00 Loss: 1.12972056866
Epoch: 11 Iter: 33 Acc: 0.99 Loss: 1.12213921547
Epoch: 11 Iter: 34 Acc: 1.00 Loss: 1.06994485855
Epoch: 11 Iter: 35 Acc: 1.00 Loss: 1.13711071014
Epoch: 11 Iter: 36 Acc: 1.00 Loss: 1.14168679714
Epoch: 11 Iter: 37 Acc: 0.99 Loss: 1.11886572838
Epoch: 11 Iter: 38 Acc: 1.00 Loss: 1.07170927525
Epoch: 11 Iter: 39 Acc: 0.98 Loss: 1.17344987392
Epoch: 11 Iter: 40 Acc: 1.00 Loss: 1.09109055996
Epoch: 11 Iter: 41 Acc: 1.00 Loss: 1.16749405861
Epoch: 11 Iter: 42 Acc: 1.00 Loss: 1.11446225643
Epoch: 11 Iter: 43 Acc: 1.00 Loss: 1.1206882
Epoch: 11 Iter: 44 Acc: 1.00 Loss: 1.09806251526
Epoch: 11 Iter: 45 Acc: 1.00 Loss: 1.08134388924
Epoch: 11 Iter: 46 Acc: 1.00 Loss: 1.12685751915
Epoch: 11 Iter: 47 Acc: 1.00 Loss: 1.14350891113
Epoch: 11 Iter: 48 Acc: 1.00 Loss: 1.11029791832
Epoch: 11 Iter: 49 Acc: 0.99 Loss: 1.10793864727
Epoch: 11 Iter: 50 Acc: 1.00 Loss: 1.0702688694
Epoch: 11 Iter: 51 Acc: 1.00 Loss: 1.10195803642
Epoch: 11 Iter: 52 Acc: 1.00 Loss: 1.08816277981
Epoch: 11 Iter: 53 Acc: 1.00 Loss: 1.11766850948
Epoch: 11 Iter: 54 Acc: 1.00 Loss: 1.12887573242
Epoch: 11 Iter: 55 Acc: 1.00 Loss: 1.11964893341
Epoch: 11 Iter: 56 Acc: 1.00 Loss: 1.03765940666
Epoch: 11 Iter: 57 Acc: 1.00 Loss: 1.04677808285
Epoch: 11 Iter: 58 Acc: 1.00 Loss: 1.11723554134
Epoch: 11 Iter: 59 Acc: 1.00 Loss: 1.05982542038
Epoch: 11 Iter: 60 Acc: 1.00 Loss: 1.06617712975
Epoch: 11 Iter: 61 Acc: 1.00 Loss: 1.11478471756
Epoch: 11 Iter: 62 Acc: 1.00 Loss: 1.04787576199
Epoch: 11 Iter: 63 Acc: 1.00 Loss: 1.0749720335
Epoch: 11 Iter: 64 Acc: 0.98 Loss: 1.08586609364
Epoch: 11 Iter: 65 Acc: 1.00 Loss: 1.05869543552
Epoch: 11 Iter: 66 Acc: 1.00 Loss: 1.07544755936
Epoch: 11 Iter: 67 Acc: 0.99 Loss: 1.05964577198
Epoch: 11 Iter: 68 Acc: 1.00 Loss: 1.08519721031
Epoch: 11 Iter: 69 Acc: 1.00 Loss: 1.04548811913
Epoch: 11 Iter: 70 Acc: 1.00 Loss: 1.03408956528
Epoch: 11 Iter: 71 Acc: 1.00 Loss: 1.01675534248
Epoch: 11 Iter: 72 Acc: 1.00 Loss: 1.07358646393
Epoch: 11 Iter: 73 Acc: 1.00 Loss: 1.0718318224
Epoch: 11 Iter: 74 Acc: 1.00 Loss: 1.07953858376
Epoch: 11 Average loss: 1.12193995224
Epoch 11 Val Acc: 0.81
Epoch: 12 Iter: 0 Acc: 1.00 Loss: 1.02554106712
Epoch: 12 Iter: 1 Acc: 1.00 Loss: 1.05917239189
Epoch: 12 Iter: 2 Acc: 1.00 Loss: 1.01542758942
Epoch: 12 Iter: 3 Acc: 1.00 Loss: 1.02422583103
Epoch: 12 Iter: 4 Acc: 1.00 Loss: 1.04004848003
Epoch: 12 Iter: 5 Acc: 1.00 Loss: 1.02846908569
Epoch: 12 Iter: 6 Acc: 1.00 Loss: 1.01086258888
Epoch: 12 Iter: 7 Acc: 1.00 Loss: 0.992347180843
Epoch: 12 Iter: 8 Acc: 1.00 Loss: 1.05245935917
Epoch: 12 Iter: 9 Acc: 0.99 Loss: 1.07198297977
Epoch: 12 Iter: 10 Acc: 1.00 Loss: 1.05027532578
Epoch: 12 Iter: 11 Acc: 1.00 Loss: 1.03604793549
Epoch: 12 Iter: 12 Acc: 1.00 Loss: 1.02200829983
Epoch: 12 Iter: 13 Acc: 1.00 Loss: 1.01734757423
Epoch: 12 Iter: 14 Acc: 1.00 Loss: 1.01956951618
Epoch: 12 Iter: 15 Acc: 1.00 Loss: 1.02364349365
Epoch: 12 Iter: 16 Acc: 1.00 Loss: 1.01248300076
Epoch: 12 Iter: 17 Acc: 1.00 Loss: 1.02038872242
Epoch: 12 Iter: 18 Acc: 1.00 Loss: 0.999069750309
Epoch: 12 Iter: 19 Acc: 1.00 Loss: 0.982789516449
Epoch: 12 Iter: 20 Acc: 0.99 Loss: 1.00712716579
Epoch: 12 Iter: 21 Acc: 1.00 Loss: 0.990910887718
Epoch: 12 Iter: 22 Acc: 1.00 Loss: 1.00606822968
Epoch: 12 Iter: 23 Acc: 1.00 Loss: 0.980056881905
Epoch: 12 Iter: 24 Acc: 1.00 Loss: 1.04255414009
Epoch: 12 Iter: 25 Acc: 1.00 Loss: 0.957049012184
Epoch: 12 Iter: 26 Acc: 1.00 Loss: 1.0352628231
Terminated
